0 info it worked if it ends with ok
1 verbose cli [ '/mnt/install/nvm/install/versions/node/v6.3.0/bin/node',
1 verbose cli   '/mnt/install/nvm/install/versions/node/v6.3.0/bin/npm',
1 verbose cli   'publish' ]
2 info using npm@3.10.3
3 info using node@v6.3.0
4 verbose publish [ '.' ]
5 silly cache add args [ '.', null ]
6 verbose cache add spec .
7 silly cache add parsed spec Result {
7 silly cache add   raw: '.',
7 silly cache add   scope: null,
7 silly cache add   escapedName: null,
7 silly cache add   name: null,
7 silly cache add   rawSpec: '.',
7 silly cache add   spec: '/home/abhimanyu/phantom/detect-is-node',
7 silly cache add   type: 'directory' }
8 verbose addLocalDirectory /home/abhimanyu/.npm/detect-is-node/1.0.1/package.tgz not in flight; packing
9 verbose correctMkdir /home/abhimanyu/.npm correctMkdir not in flight; initializing
10 info lifecycle detect-is-node@1.0.1~prepublish: detect-is-node@1.0.1
11 silly lifecycle detect-is-node@1.0.1~prepublish: no script for prepublish, continuing
12 verbose tar pack [ '/home/abhimanyu/.npm/detect-is-node/1.0.1/package.tgz',
12 verbose tar pack   '/home/abhimanyu/phantom/detect-is-node' ]
13 verbose tarball /home/abhimanyu/.npm/detect-is-node/1.0.1/package.tgz
14 verbose folder /home/abhimanyu/phantom/detect-is-node
15 verbose addLocalTarball adding from inside cache /home/abhimanyu/.npm/detect-is-node/1.0.1/package.tgz
16 verbose correctMkdir /home/abhimanyu/.npm correctMkdir not in flight; initializing
17 silly cache afterAdd detect-is-node@1.0.1
18 verbose afterAdd /home/abhimanyu/.npm/detect-is-node/1.0.1/package/package.json not in flight; writing
19 verbose correctMkdir /home/abhimanyu/.npm correctMkdir not in flight; initializing
20 verbose afterAdd /home/abhimanyu/.npm/detect-is-node/1.0.1/package/package.json written
21 silly publish { name: 'detect-is-node',
21 silly publish   version: '1.0.1',
21 silly publish   description: 'check if running under node environment or browser',
21 silly publish   main: 'index.js',
21 silly publish   scripts: { test: 'node test.js' },
21 silly publish   repository:
21 silly publish    { type: 'git',
21 silly publish      url: 'git+https://github.com/abhirathore2006/detect-is-node.git' },
21 silly publish   keywords: [ 'node' ],
21 silly publish   author: { name: 'Abhimanyu singh Rathore' },
21 silly publish   license: 'MIT',
21 silly publish   bugs: { url: 'https://github.com/abhirathore2006/detect-is-node/issues' },
21 silly publish   homepage: 'https://github.com/abhirathore2006/detect-is-node#readme',
21 silly publish   readme: 'you can use this module to detect if your code is running on node server.\n\nE.g.  var isNode = require(\'detect-is-node\');\n\ninstall\n\n```shell\nnpm install --save detect-is-node\n```\n\n###Usage:\n\n```js\nvar isNode = require(\'detect-is-node\');\n\nif (isNode) {\n  console.log("Running under node Environment");\n} else {\n  console.log("Running in browser");\n}\n',
21 silly publish   readmeFilename: 'Readme.md',
21 silly publish   gitHead: 'a46a5002913adf895e7a05e93d608576f662acbd',
21 silly publish   _id: 'detect-is-node@1.0.1',
21 silly publish   _shasum: '3f0336bea127c2ba57ab0b20c136222fb5fdb4ad',
21 silly publish   _from: '.' }
22 verbose getPublishConfig undefined
23 silly mapToRegistry name detect-is-node
24 silly mapToRegistry using default registry
25 silly mapToRegistry registry https://registry.npmjs.org/
26 silly mapToRegistry data Result {
26 silly mapToRegistry   raw: 'detect-is-node',
26 silly mapToRegistry   scope: null,
26 silly mapToRegistry   escapedName: 'detect-is-node',
26 silly mapToRegistry   name: 'detect-is-node',
26 silly mapToRegistry   rawSpec: '',
26 silly mapToRegistry   spec: 'latest',
26 silly mapToRegistry   type: 'tag' }
27 silly mapToRegistry uri https://registry.npmjs.org/detect-is-node
28 verbose publish registryBase https://registry.npmjs.org/
29 silly publish uploading /home/abhimanyu/.npm/detect-is-node/1.0.1/package.tgz
30 verbose request uri https://registry.npmjs.org/detect-is-node
31 verbose request sending authorization for write operation
32 info attempt registry request try #1 at 4:04:17 PM
33 verbose request using bearer token for auth
34 verbose request id 729d3b80d2321f13
35 http request PUT https://registry.npmjs.org/detect-is-node
36 http 403 https://registry.npmjs.org/detect-is-node
37 verbose headers { 'content-type': 'application/json',
37 verbose headers   'cache-control': 'max-age=300',
37 verbose headers   'content-length': '95',
37 verbose headers   'accept-ranges': 'bytes',
37 verbose headers   date: 'Thu, 23 Feb 2017 10:34:19 GMT',
37 verbose headers   via: '1.1 varnish',
37 verbose headers   connection: 'keep-alive',
37 verbose headers   'x-served-by': 'cache-cdg8733-CDG',
37 verbose headers   'x-cache': 'MISS',
37 verbose headers   'x-cache-hits': '0',
37 verbose headers   'x-timer': 'S1487846058.051652,VS0,VE1196',
37 verbose headers   vary: 'Accept-Encoding' }
38 verbose request invalidating /home/abhimanyu/.npm/registry.npmjs.org/detect-is-node on PUT
39 error publish Failed PUT 403
40 verbose stack Error: "You cannot publish over the previously published version 1.0.1." : detect-is-node
40 verbose stack     at makeError (/mnt/install/nvm/install/versions/node/v6.3.0/lib/node_modules/npm/node_modules/npm-registry-client/lib/request.js:264:12)
40 verbose stack     at CachingRegistryClient.<anonymous> (/mnt/install/nvm/install/versions/node/v6.3.0/lib/node_modules/npm/node_modules/npm-registry-client/lib/request.js:252:14)
40 verbose stack     at Request._callback (/mnt/install/nvm/install/versions/node/v6.3.0/lib/node_modules/npm/node_modules/npm-registry-client/lib/request.js:172:14)
40 verbose stack     at Request.self.callback (/mnt/install/nvm/install/versions/node/v6.3.0/lib/node_modules/npm/node_modules/request/request.js:200:22)
40 verbose stack     at emitTwo (events.js:106:13)
40 verbose stack     at Request.emit (events.js:191:7)
40 verbose stack     at Request.<anonymous> (/mnt/install/nvm/install/versions/node/v6.3.0/lib/node_modules/npm/node_modules/request/request.js:1067:10)
40 verbose stack     at emitOne (events.js:101:20)
40 verbose stack     at Request.emit (events.js:188:7)
40 verbose stack     at IncomingMessage.<anonymous> (/mnt/install/nvm/install/versions/node/v6.3.0/lib/node_modules/npm/node_modules/request/request.js:988:12)
41 verbose statusCode 403
42 verbose pkgid detect-is-node
43 verbose cwd /home/abhimanyu/phantom/detect-is-node
44 error Linux 3.10.0-327.36.3.el7.x86_64
45 error argv "/mnt/install/nvm/install/versions/node/v6.3.0/bin/node" "/mnt/install/nvm/install/versions/node/v6.3.0/bin/npm" "publish"
46 error node v6.3.0
47 error npm  v3.10.3
48 error code E403
49 error "You cannot publish over the previously published version 1.0.1." : detect-is-node
50 error If you need help, you may report this error at:
50 error     <https://github.com/npm/npm/issues>
51 verbose exit [ 1, true ]
